<?xml version="1.0" encoding="UTF-8"?>
<testsuite xmlns:xsi="http://www.w3.org/2001/XMLSchema-instance" xsi:noNamespaceSchemaLocation="https://maven.apache.org/surefire/maven-surefire-plugin/xsd/surefire-test-report.xsd" name="TestSuite" time="28.595" tests="2" errors="0" skipped="0" failures="0">
  <properties>
[...]
</properties>
  <testcase name="deleteArticleTest" classname="com.exalt.tests.conduittests.article.DeleteArticleTest" time="5.512"/>
  <testcase name="ConduitLikeTest" classname="com.exalt.tests.conduittests.home.GlobalFeedTest" time="4.917"/>
</testsuite>