<?xml version="1.0" encoding="UTF-8"?>
<testng-results skipped="0" failed="0" ignored="0" total="2" passed="2">
  <reporter-output>
  </reporter-output>
  <suite name="Surefire suite" duration-ms="7845" started-at="2020-09-13T09:29:42Z" finished-at="2020-09-13T09:29:50Z">
    <groups>
    </groups>
    <test name="Surefire test" duration-ms="7845" started-at="2020-09-13T09:29:42Z" finished-at="2020-09-13T09:29:50Z">
      <class name="com.exalt.SeleniumTest">
        <test-method status="PASS" signature="setup()[pri:0, instance:com.exalt.SeleniumTest@380fb434]" name="setup" is-config="true" duration-ms="7771" started-at="2020-09-13T09:29:42Z" finished-at="2020-09-13T09:29:50Z">
          <reporter-output>
          </reporter-output>
        </test-method> <!-- setup -->
        <test-method status="PASS" signature="logoTest()[pri:0, instance:com.exalt.SeleniumTest@380fb434]" name="logoTest" duration-ms="58" started-at="2020-09-13T09:29:50Z" finished-at="2020-09-13T09:29:50Z">
          <reporter-output>
          </reporter-output>
        </test-method> <!-- logoTest -->
        <test-method status="PASS" signature="titleTest()[pri:0, instance:com.exalt.SeleniumTest@380fb434]" name="titleTest" duration-ms="5" started-at="2020-09-13T09:29:50Z" finished-at="2020-09-13T09:29:50Z">
          <reporter-output>
          </reporter-output>
        </test-method> <!-- titleTest -->
      </class> <!-- com.exalt.SeleniumTest -->
    </test> <!-- Surefire test -->
  </suite> <!-- Surefire suite -->
</testng-results>
