<!DOCTYPE html><html><head><title>Failed Report</title><style>table, th, td {  border: 1px solid black;  border-collapse: collapse;}th {padding: 15px;background-color:#ff3232}</style></head><body><h1 style="text-align:center">Failure Tests</h1><h2>Suite:ConduitLoginPageTestChrome</h2><table style="width:100%"><tr><th>Test Name</th><th>Description</th><th>Test Case Number </th><th>Reason </th></tr><tr><td>demoTesttestest</td><td>No test case currently</td><td>No test case currently </td><td>java.lang.AssertionError: expected [true] but found [false] </td></tr></table><h2>Suite:ConduitLoginPageTestChrome</h2><table style="width:100%"><tr><th>Test Name</th><th>Description</th><th>Test Case Number </th><th>Reason </th></tr><tr><td>demoTesttestest2</td><td>No test case currently</td><td>No test case currently </td><td>java.lang.AssertionError: expected [true] but found [false] </td></tr></table><h2>Suite:ConduitLoginPageTestChrome</h2><table style="width:100%"><tr><th>Test Name</th><th>Description</th><th>Test Case Number </th><th>Reason </th></tr><tr><td>ConduitLoginTest</td><td>Check response on entering valid Email and invalid password</td><td>test case number 2 </td><td>Expected condition failed: waiting for title to be "Home — Conduit". Current title: "Sign in — Conduit" (tried for 5 second(s) with 500 milliseconds interval) </td></tr></tr><tr><td>ConduitLoginTest</td><td>Check response on entering valid Email and blank  password</td><td>test case number 4 </td><td>Expected condition failed: waiting for title to be "Home — Conduit". Current title: "Sign in — Conduit" (tried for 5 second(s) with 500 milliseconds interval) </td></tr></tr><tr><td>ConduitLoginTest</td><td>Check response on entering blank Email and vaild  password</td><td>test case number 5 </td><td>Expected condition failed: waiting for title to be "Home — Conduit". Current title: "Sign in — Conduit" (tried for 5 second(s) with 500 milliseconds interval) </td></tr></table></table></table><h2>Suite:ConduitLoginPageTestFirefox</h2><table style="width:100%"><tr><th>Test Name</th><th>Description</th><th>Test Case Number </th><th>Reason </th></tr><tr><td>demoTesttestest2</td><td>No test case currently</td><td>No test case currently </td><td>java.lang.AssertionError: expected [true] but found [false] </td></tr></table><h2>Suite:ConduitLoginPageTestFirefox</h2><table style="width:100%"><tr><th>Test Name</th><th>Description</th><th>Test Case Number </th><th>Reason </th></tr><tr><td>demoTesttestest</td><td>No test case currently</td><td>No test case currently </td><td>java.lang.AssertionError: expected [true] but found [false] </td></tr></table><h2>Suite:ConduitLoginPageTestFirefox</h2><table style="width:100%"><tr><th>Test Name</th><th>Description</th><th>Test Case Number </th><th>Reason </th></tr><tr><td>ConduitLoginTest</td><td>Check response on entering valid Email and invalid password</td><td>test case number 2 </td><td>Expected condition failed: waiting for title to be "Home — Conduit". Current title: "Sign in — Conduit" (tried for 5 second(s) with 500 milliseconds interval) </td></tr></tr><tr><td>ConduitLoginTest</td><td>Check response on entering valid Email and blank  password</td><td>test case number 4 </td><td>Expected condition failed: waiting for title to be "Home — Conduit". Current title: "Sign in — Conduit" (tried for 5 second(s) with 500 milliseconds interval) </td></tr></tr><tr><td>ConduitLoginTest</td><td>Check response on entering blank Email and vaild  password</td><td>test case number 5 </td><td>Expected condition failed: waiting for title to be "Home — Conduit". Current title: "Sign in — Conduit" (tried for 5 second(s) with 500 milliseconds interval) </td></tr></table></table></table></table><br></body></html>