<?xml version="1.0" encoding="UTF-8"?>
<!-- Generated by org.testng.reporters.JUnitXMLReporter -->
<testsuite hostname="DESKTOP-2H06RQ4" ignored="0" name="selenium test by jenkins" tests="2" failures="0" timestamp="25 Oct 2020 10:45:42 GMT" time="28.206" errors="0">
  <testcase name="deleteArticleTest" time="5.512" classname="com.exalt.tests.conduittests.article.DeleteArticleTest"/>
  <testcase name="ConduitLikeTest" time="4.916" classname="com.exalt.tests.conduittests.home.GlobalFeedTest"/>
</testsuite> <!-- selenium test by jenkins -->
